testlog 2018-08-25T14:02:27 [CRITICAL, 1] (): critical error
testlog 2018-08-25T14:02:27 [CRITICAL, 1] (): critical error
testlog 2018-08-25T14:02:27 [CRITICAL, 1] (test): s critical error
testlog 2018-08-25T14:02:27 [CRITICAL, 1] (test): s critical error
testlog 2018-08-25T14:02:27 [   ERROR, 1] (): error
testlog 2018-08-25T14:02:27 [   ERROR, 1] (): error
testlog 2018-08-25T14:02:27 [   ERROR, 1] (test): s error
testlog 2018-08-25T14:02:27 [   ERROR, 1] (test): s error
testlog 2018-08-25T14:02:27 [   ERROR, 2] (): error
testlog 2018-08-25T14:02:27 [   ERROR, 2] (): error
testlog 2018-08-25T14:02:27 [   ERROR, 2] (test): s error
testlog 2018-08-25T14:02:27 [   ERROR, 2] (test): s error
testlog 2018-08-25T14:02:27 [   ERROR, 3] (): error
testlog 2018-08-25T14:02:27 [   ERROR, 3] (): error
testlog 2018-08-25T14:02:27 [   ERROR, 3] (test): s error
testlog 2018-08-25T14:02:27 [   ERROR, 3] (test): s error
testlog 2018-08-25T14:02:27 [   ERROR, 4] (): error
testlog 2018-08-25T14:02:27 [   ERROR, 4] (): error
testlog 2018-08-25T14:02:27 [   ERROR, 4] (test): s error
testlog 2018-08-25T14:02:27 [   ERROR, 4] (test): s error
testlog 2018-08-25T14:02:27 [ WARNING, 1] (): warning
testlog 2018-08-25T14:02:27 [ WARNING, 1] (): warning
testlog 2018-08-25T14:02:27 [ WARNING, 1] (test): s warning
testlog 2018-08-25T14:02:27 [ WARNING, 1] (test): s warning
testlog 2018-08-25T14:02:27 [ WARNING, 2] (): warning
testlog 2018-08-25T14:02:27 [ WARNING, 2] (): warning
testlog 2018-08-25T14:02:27 [ WARNING, 2] (test): s warning
testlog 2018-08-25T14:02:27 [ WARNING, 2] (test): s warning
testlog 2018-08-25T14:02:27 [ WARNING, 3] (): warning
testlog 2018-08-25T14:02:27 [ WARNING, 3] (): warning
testlog 2018-08-25T14:02:27 [ WARNING, 3] (test): s warning
testlog 2018-08-25T14:02:27 [ WARNING, 3] (test): s warning
testlog 2018-08-25T14:02:27 [ WARNING, 4] (): warning
testlog 2018-08-25T14:02:27 [ WARNING, 4] (): warning
testlog 2018-08-25T14:02:27 [ WARNING, 4] (test): s warning
testlog 2018-08-25T14:02:27 [ WARNING, 4] (test): s warning
testlog 2018-08-25T14:02:27 [    INFO, 1] (): info
testlog 2018-08-25T14:02:27 [    INFO, 1] (): info
testlog 2018-08-25T14:02:27 [    INFO, 1] (test): s info
testlog 2018-08-25T14:02:27 [    INFO, 1] (test): s info
testlog 2018-08-25T14:02:27 [    INFO, 2] (): info
testlog 2018-08-25T14:02:27 [    INFO, 2] (): info
testlog 2018-08-25T14:02:27 [    INFO, 2] (test): s info
testlog 2018-08-25T14:02:27 [    INFO, 2] (test): s info
testlog 2018-08-25T14:02:27 [    INFO, 3] (): info
testlog 2018-08-25T14:02:27 [    INFO, 3] (): info
testlog 2018-08-25T14:02:27 [    INFO, 3] (test): s info
testlog 2018-08-25T14:02:27 [    INFO, 3] (test): s info
testlog 2018-08-25T14:02:27 [    INFO, 4] (): info
testlog 2018-08-25T14:02:27 [    INFO, 4] (): info
testlog 2018-08-25T14:02:27 [    INFO, 4] (test): s info
testlog 2018-08-25T14:02:27 [    INFO, 4] (test): s info
testlog 2018-08-25T14:02:27 [    INFO, 5] (): info
testlog 2018-08-25T14:02:27 [    INFO, 5] (): info
testlog 2018-08-25T14:02:27 [    INFO, 5] (test): s info
testlog 2018-08-25T14:02:27 [    INFO, 5] (test): s info
testlog 2018-08-25T14:02:27 [   DEBUG, 3] (): debug
testlog 2018-08-25T14:02:27 [   DEBUG, 3] (): debug
testlog 2018-08-25T14:02:27 [   DEBUG, 3] (test): s debug
testlog 2018-08-25T14:02:27 [   DEBUG, 3] (test): s debug
testlog 2018-08-25T14:02:27 [   DEBUG, 4] (): debug
testlog 2018-08-25T14:02:27 [   DEBUG, 4] (): debug
testlog 2018-08-25T14:02:27 [   DEBUG, 4] (test): s debug
testlog 2018-08-25T14:02:27 [   DEBUG, 4] (test): s debug
testlog 2018-08-25T14:02:27 [   DEBUG, 5] (): debug
testlog 2018-08-25T14:02:27 [   DEBUG, 5] (): debug
testlog 2018-08-25T14:02:27 [   DEBUG, 5] (test): s debug
testlog 2018-08-25T14:02:27 [   DEBUG, 5] (test): s debug
